<?xml version="1.0" encoding="UTF-8"?>
<!-- Generated by org.testng.reporters.JUnitXMLReporter -->
<testsuite ignored="3" hostname="DESKTOP-P1ITVBJ" failures="1" tests="3" name="Test" time="35.709" errors="0" timestamp="2020-10-05T22:26:17 PDT">
  <testcase classname="testNGclasses.Login" name="verifyTitle" time="0.089"/>
  <testcase classname="testNGclasses.Login" name="loginpage1" time="17.129"/>
  <testcase classname="testNGclasses.Company" name="company1" time="0.01">
    <failure type="java.lang.NullPointerException">
      <![CDATA[java.lang.NullPointerException
at org.openqa.selenium.support.pagefactory.DefaultElementLocator.findElement(DefaultElementLocator.java:69)
at org.openqa.selenium.support.pagefactory.internal.LocatingElementHandler.invoke(LocatingElementHandler.java:38)
at com.sun.proxy.$Proxy12.click(Unknown Source)
at elements.company.ClickCompany(company.java:57)
at testNGclasses.Company.company1(Company.java:67)
at java.base/java.util.ArrayList.forEach(ArrayList.java:1510)
... Removed 27 stack frames]]>
    </failure>
  </testcase> <!-- company1 -->
  <testcase classname="testNGclasses.TestBase" name="@BeforeTest beforeTest" time="0.0">
    <ignored/>
  </testcase> <!-- @BeforeTest beforeTest -->
  <testcase classname="testNGclasses.Company" name="loginpage1" time="0.0">
    <ignored/>
  </testcase> <!-- loginpage1 -->
  <testcase classname="testNGclasses.TestBase" name="@AfterTest afterTest" time="0.0">
    <ignored/>
  </testcase> <!-- @AfterTest afterTest -->
</testsuite> <!-- Test -->
