<?xml version="1.0" encoding="UTF-8"?>
<testng-results ignored="0" total="2" passed="2" failed="0" skipped="0">
  <reporter-output>
  </reporter-output>
  <suite started-at="2020-10-06T22:23:13 PDT" name="Default suite" finished-at="2020-10-06T22:23:54 PDT" duration-ms="41101">
    <groups>
    </groups>
    <test started-at="2020-10-06T22:23:13 PDT" name="Default test" finished-at="2020-10-06T22:23:54 PDT" duration-ms="41101">
      <class name="testNGclasses.Login">
        <test-method is-config="true" signature="beforeTest()[pri:0, instance:testNGclasses.Login@1fe20588]" started-at="2020-10-06T22:23:13 PDT" name="beforeTest" finished-at="2020-10-06T22:23:34 PDT" duration-ms="20457" status="PASS">
          <reporter-output>
          </reporter-output>
        </test-method> <!-- beforeTest -->
        <test-method signature="verifyTitle()[pri:1, instance:testNGclasses.Login@1fe20588]" started-at="2020-10-06T22:23:34 PDT" name="verifyTitle" finished-at="2020-10-06T22:23:34 PDT" duration-ms="58" status="PASS">
          <reporter-output>
          </reporter-output>
        </test-method> <!-- verifyTitle -->
        <test-method signature="loginpage1()[pri:2, instance:testNGclasses.Login@1fe20588]" started-at="2020-10-06T22:23:34 PDT" name="loginpage1" finished-at="2020-10-06T22:23:53 PDT" duration-ms="19334" status="PASS">
          <reporter-output>
          </reporter-output>
        </test-method> <!-- loginpage1 -->
        <test-method is-config="true" signature="afterTest()[pri:0, instance:testNGclasses.Login@1fe20588]" started-at="2020-10-06T22:23:53 PDT" name="afterTest" finished-at="2020-10-06T22:23:54 PDT" duration-ms="1176" status="PASS">
          <reporter-output>
          </reporter-output>
        </test-method> <!-- afterTest -->
      </class> <!-- testNGclasses.Login -->
    </test> <!-- Default test -->
  </suite> <!-- Default suite -->
</testng-results>
