<?xml version="1.0" encoding="UTF-8"?>
<testng-results ignored="0" total="3" passed="3" failed="0" skipped="0">
  <reporter-output>
  </reporter-output>
  <suite started-at="2020-10-04T22:39:54 PDT" name="Default suite" finished-at="2020-10-04T22:41:04 PDT" duration-ms="70151">
    <groups>
    </groups>
    <test started-at="2020-10-04T22:39:54 PDT" name="Default test" finished-at="2020-10-04T22:41:04 PDT" duration-ms="70151">
      <class name="testNGclasses.ViewandUpdateBranch">
        <test-method is-config="true" signature="beforeTest()[pri:0, instance:testNGclasses.ViewandUpdateBranch@47542153]" started-at="2020-10-04T22:39:54 PDT" name="beforeTest" finished-at="2020-10-04T22:40:12 PDT" duration-ms="18379" status="PASS">
          <reporter-output>
          </reporter-output>
        </test-method> <!-- beforeTest -->
        <test-method signature="loginpage1()[pri:1, instance:testNGclasses.ViewandUpdateBranch@47542153]" started-at="2020-10-04T22:40:12 PDT" name="loginpage1" finished-at="2020-10-04T22:40:29 PDT" duration-ms="16859" status="PASS">
          <reporter-output>
          </reporter-output>
        </test-method> <!-- loginpage1 -->
        <test-method signature="viewBranch()[pri:2, instance:testNGclasses.ViewandUpdateBranch@47542153]" started-at="2020-10-04T22:40:29 PDT" name="viewBranch" finished-at="2020-10-04T22:40:48 PDT" duration-ms="18316" status="PASS">
          <reporter-output>
          </reporter-output>
        </test-method> <!-- viewBranch -->
        <test-method signature="UpdateBranch()[pri:3, instance:testNGclasses.ViewandUpdateBranch@47542153]" started-at="2020-10-04T22:40:48 PDT" name="UpdateBranch" finished-at="2020-10-04T22:41:04 PDT" duration-ms="16342" status="PASS">
          <reporter-output>
          </reporter-output>
        </test-method> <!-- UpdateBranch -->
        <test-method is-config="true" signature="afterTest()[pri:0, instance:testNGclasses.ViewandUpdateBranch@47542153]" started-at="2020-10-04T22:41:04 PDT" name="afterTest" finished-at="2020-10-04T22:41:04 PDT" duration-ms="173" status="PASS">
          <reporter-output>
          </reporter-output>
        </test-method> <!-- afterTest -->
      </class> <!-- testNGclasses.ViewandUpdateBranch -->
    </test> <!-- Default test -->
  </suite> <!-- Default suite -->
</testng-results>
