<?xml version="1.0" encoding="UTF-8"?>
<!-- Generated by org.testng.reporters.JUnitXMLReporter -->
<testsuite ignored="0" hostname="DESKTOP-P1ITVBJ" failures="0" tests="3" name="Default test" time="70.151" errors="0" timestamp="2020-10-04T22:41:04 PDT">
  <testcase classname="testNGclasses.ViewandUpdateBranch" name="loginpage1" time="16.859"/>
  <testcase classname="testNGclasses.ViewandUpdateBranch" name="viewBranch" time="18.316"/>
  <testcase classname="testNGclasses.ViewandUpdateBranch" name="UpdateBranch" time="16.342"/>
</testsuite> <!-- Default test -->
